[debug] [2022-03-03T08:29:54.678Z] ----------------------------------------------------------------------
[debug] [2022-03-03T08:29:54.679Z] Command:       C:\Program Files\nodejs\node.exe C:\Users\Emumba\AppData\Roaming\npm\node_modules\firebase-tools\lib\bin\firebase.js init
[debug] [2022-03-03T08:29:54.680Z] CLI Version:   10.2.2
[debug] [2022-03-03T08:29:54.680Z] Platform:      win32
[debug] [2022-03-03T08:29:54.680Z] Node Version:  v17.6.0
[debug] [2022-03-03T08:29:54.681Z] Time:          Thu Mar 03 2022 13:29:54 GMT+0500 (Pakistan Standard Time)
[debug] [2022-03-03T08:29:54.681Z] ----------------------------------------------------------------------
[debug] 
[debug] [2022-03-03T08:29:54.738Z] > command requires scopes: ["email","openid","https://www.googleapis.com/auth/cloudplatformprojects.readonly","https://www.googleapis.com/auth/firebase","https://www.googleapis.com/auth/cloud-platform"]
[debug] [2022-03-03T08:29:54.738Z] > authorizing via signed-in user (muhammad.zohaib@emumba.com)
[info] 
     ######## #### ########  ######## ########     ###     ######  ########
     ##        ##  ##     ## ##       ##     ##  ##   ##  ##       ##
     ######    ##  ########  ######   ########  #########  ######  ######
     ##        ##  ##    ##  ##       ##     ## ##     ##       ## ##
     ##       #### ##     ## ######## ########  ##     ##  ######  ########

You're about to initialize a Firebase project in this directory:

  C:\Users\Emumba

Before we get started, keep in mind:

  * You are initializing within an existing Firebase project directory

[info] 
=== Project Setup
[info] 
[info] First, let's associate this project directory with a Firebase project.
[info] You can create multiple project aliases by running firebase use --add, 
[info] but for now we'll just set up a default project.
[info] 
[debug] [2022-03-03T08:29:58.951Z] Using project from CLI flag: hotel-tours-site
[debug] [2022-03-03T08:29:58.953Z] >>> [apiv2][query] GET https://firebase.googleapis.com/v1beta1/projects/hotel-tours-site [none]
[debug] [2022-03-03T08:29:59.954Z] <<< [apiv2][status] GET https://firebase.googleapis.com/v1beta1/projects/hotel-tours-site 200
[debug] [2022-03-03T08:29:59.955Z] <<< [apiv2][body] GET https://firebase.googleapis.com/v1beta1/projects/hotel-tours-site {"projectId":"hotel-tours-site","projectNumber":"180821824608","displayName":"Hotel-Tours-Site","name":"projects/hotel-tours-site","resources":{"hostingSite":"hotel-tours-site"},"state":"DELETED"}
[info] i  Using project hotel-tours-site (Hotel-Tours-Site) 
[info] 
=== Hosting Setup
[info] 
[info] Your public directory is the folder (relative to your project directory) that
[info] will contain Hosting assets to be uploaded with firebase deploy. If you
[info] have a build process for your assets, use your build's output directory.
[info] 
